This is XeTeX, Version 3.14159265-2.6-0.999992 (TeX Live 2020/W32TeX) (preloaded format=xelatex 2021.3.2)  2 MAR 2021 16:27
entering extended mode
 restricted \write18 enabled.
 %&-line parsing enabled.
**cheat-sheet-example.tex
(./cheat-sheet-example.tex
LaTeX2e <2020-10-01> patch level 4
L3 programming layer <2021-02-18>
(c:/Users/issac/AppData/Roaming/TinyTeX/texmf-dist/tex/latex/kotex-oblivoir/obl
ivoir.cls
Document Class: oblivoir 2020/02/09 v2.2

(c:/Users/issac/AppData/Roaming/TinyTeX/texmf-dist/tex/latex/xkeyval/xkeyval.st
y
Package: xkeyval 2020/11/20 v2.8 package option processing (HA)

(c:/Users/issac/AppData/Roaming/TinyTeX/texmf-dist/tex/generic/xkeyval/xkeyval.
tex
(c:/Users/issac/AppData/Roaming/TinyTeX/texmf-dist/tex/generic/xkeyval/xkvutils
.tex
\XKV@toks=\toks15
\XKV@tempa@toks=\toks16

(c:/Users/issac/AppData/Roaming/TinyTeX/texmf-dist/tex/generic/xkeyval/keyval.t
ex))
\XKV@depth=\count175
File: xkeyval.tex 2014/12/03 v2.7a key=value parser (HA)
))
(c:/Users/issac/AppData/Roaming/TinyTeX/texmf-dist/tex/latex/l3packages/xparse/
xparse.sty
(c:/Users/issac/AppData/Roaming/TinyTeX/texmf-dist/tex/latex/l3kernel/expl3.sty
Package: expl3 2021-02-18 L3 programming layer (loader) 

(c:/Users/issac/AppData/Roaming/TinyTeX/texmf-dist/tex/latex/l3backend/l3backen
d-xetex.def
File: l3backend-xetex.def 2021-02-18 L3 backend support: XeTeX
(|extractbb --version)
\c__kernel_sys_dvipdfmx_version_int=\count176
\l__color_backend_stack_int=\count177
\g__color_backend_stack_int=\count178
\g__graphics_track_int=\count179
\l__pdf_internal_box=\box47
\g__pdf_backend_object_int=\count180
\g__pdf_backend_annotation_int=\count181
\g__pdf_backend_link_int=\count182
))
(c:/Users/issac/AppData/Roaming/TinyTeX/texmf-dist/tex/latex/l3packages/xparse/
xparse-2020-10-01.sty
(c:/Users/issac/AppData/Roaming/TinyTeX/texmf-dist/tex/latex/l3packages/xparse/
xparse-generic.tex))) (c:/Users/issac/AppData/Roaming/TinyTeX/texmf-dist/tex/ge
neric/iftex/iftex.sty
Package: iftex 2020/03/06 v1.0d TeX engine tests
)
(c:/Users/issac/AppData/Roaming/TinyTeX/texmf-dist/tex/latex/kotex-oblivoir/obl
ivoir-xl.cls
Document Class: oblivoir-xl 2020/02/05 v0.8.4 article-like class to typeset Kor
ean
\fa@setheight=\skip47
\fa@setwidth=\skip48
(c:/Users/issac/AppData/Roaming/TinyTeX/texmf-dist/tex/latex/memoir/memoir.cls
Document Class: memoir 2020/10/04 v3.7n configurable book, report, article docu
ment class
\onelineskip=\skip49
\lxvchars=\skip50
\xlvchars=\skip51
\@memcnta=\count183
\c@@memmarkcntra=\count184
\stockheight=\skip52
\stockwidth=\skip53
\trimtop=\skip54
\trimedge=\skip55
(c:/Users/issac/AppData/Roaming/TinyTeX/texmf-dist/tex/latex/memoir/mem10.clo
File: mem10.clo 2008/01/30 v0.3 memoir class 10pt size option
)
\binding=\skip56
\spinemargin=\skip57
\foremargin=\skip58
\uppermargin=\skip59
\lowermargin=\skip60
\headdrop=\skip61
\normalrulethickness=\skip62
\mem@maxheadheight=\skip63
\mem@maxfootheight=\skip64
\headwidth=\skip65
\c@storedpagenumber=\count185
\memPD=\dimen138
\m@mabparskip=\skip66
\thanksmarkwidth=\skip67
\thanksmarksep=\skip68
\droptitle=\skip69
\c@book=\count186
\c@part=\count187
\c@chapter=\count188
\c@section=\count189
\c@subsection=\count190
\c@subsubsection=\count191
\c@paragraph=\count192
\c@subparagraph=\count193
\beforechapskip=\skip70
\midchapskip=\skip71
\afterchapskip=\skip72
\chapindent=\skip73
\bottomsectionskip=\skip74
\secindent=\skip75
\beforesecskip=\skip76
\aftersecskip=\skip77
\subsecindent=\skip78
\beforesubsecskip=\skip79
\aftersubsecskip=\skip80
\subsubsecindent=\skip81
\beforesubsubsecskip=\skip82
\aftersubsubsecskip=\skip83
\paraindent=\skip84
\beforeparaskip=\skip85
\afterparaskip=\skip86
\subparaindent=\skip87
\beforesubparaskip=\skip88
\aftersubparaskip=\skip89
\pfbreakskip=\skip90
\c@@ppsavesec=\count194
\c@@ppsaveapp=\count195
\ragrparindent=\dimen139
\everylistparindent=\dimen140
\parsepi=\skip91
\topsepi=\skip92
\itemsepi=\skip93
\parsepii=\skip94
\topsepii=\skip95
\topsepiii=\skip96
\itemsepii=\skip97
\itemsepiii=\skip98
\partopsepii=\skip99
\partopsepiii=\skip100
\m@msavetopsep=\skip101
\m@msavepartopsep=\skip102
\@enLab=\toks17
\abstitleskip=\skip103
\absleftindent=\skip104
\abs@leftindent=\dimen141
\absrightindent=\skip105
\absparindent=\skip106
\absparsep=\skip107
\c@vslineno=\count196
\c@poemline=\count197
\c@modulo@vs=\count198
\c@memfvsline=\count199
\vleftskip=\skip108
\vrightskip=\skip109
\stanzaskip=\skip110
\versewidth=\skip111
\vgap=\skip112
\vindent=\skip113
\vleftmargin=\dimen142
\c@verse=\count266
\c@chrsinstr=\count267
\beforepoemtitleskip=\skip114
\afterpoemtitleskip=\skip115
\c@poem=\count268
\beforePoemTitleskip=\skip116
\midPoemTitleskip=\skip117
\afterPoemTitleskip=\skip118
(c:/Users/issac/AppData/Roaming/TinyTeX/texmf-dist/tex/latex/tools/array.sty
Package: array 2020/10/01 v2.5c Tabular extension package (FMi)
\col@sep=\dimen143
\ar@mcellbox=\box48
\extrarowheight=\dimen144
\NC@list=\toks18
\extratabsurround=\skip119
\backup@length=\skip120
\ar@cellbox=\box49
) (c:/Users/issac/AppData/Roaming/TinyTeX/texmf-dist/tex/latex/tools/dcolumn.st
y
Package: dcolumn 2014/10/28 v1.06 decimal alignment package (DPC)
)
(c:/Users/issac/AppData/Roaming/TinyTeX/texmf-dist/tex/latex/tools/delarray.sty
Package: delarray 2014/10/28 v1.01 array delimiter package (DPC)
)
(c:/Users/issac/AppData/Roaming/TinyTeX/texmf-dist/tex/latex/tools/tabularx.sty
Package: tabularx 2020/01/15 v2.11c `tabularx' package (DPC)
\TX@col@width=\dimen145
\TX@old@table=\dimen146
\TX@old@col=\dimen147
\TX@target=\dimen148
\TX@delta=\dimen149
\TX@cols=\count269
\TX@ftn=\toks19
)
\heavyrulewidth=\dimen150
\lightrulewidth=\dimen151
\cmidrulewidth=\dimen152
\belowrulesep=\dimen153
\belowbottomsep=\dimen154
\aboverulesep=\dimen155
\abovetopsep=\dimen156
\cmidrulesep=\dimen157
\cmidrulekern=\dimen158
\defaultaddspace=\dimen159
\@cmidla=\count270
\@cmidlb=\count271
\@aboverulesep=\dimen160
\@belowrulesep=\dimen161
\@thisruleclass=\count272
\@lastruleclass=\count273
\@thisrulewidth=\dimen162
\ctableftskip=\skip121
\ctabrightskip=\skip122
\abovecolumnspenalty=\count274
\@linestogo=\count275
\@cellstogo=\count276
\@cellsincolumn=\count277
\crtok=\toks20
\@mincolumnwidth=\dimen163
\c@newflo@tctr=\count278
\mem@margin@floatbox=\box50
\@contcwidth=\skip123
\@contindw=\skip124
\abovecaptionskip=\skip125
\belowcaptionskip=\skip126
\subfloattopskip=\skip127
\subfloatcapskip=\skip128
\subfloatcaptopadj=\skip129
\subfloatbottomskip=\skip130
\subfloatlabelskip=\skip131
\subfloatcapmargin=\dimen164
\c@@contsubnum=\count279
\m@mscap@capbox=\box51
\m@mscap@fbox=\box52
\sidecapsep=\dimen165
\sidecapwidth=\dimen166
\m@m@tempdima=\dimen167
\m@mscapraise=\dimen168
\sidecapraise=\dimen169
\m@mscapmainwidth=\dimen170
\m@mscaplkern=\dimen171
\beforeepigraphskip=\skip132
\afterepigraphskip=\skip133
\epigraphwidth=\skip134
\epigraphrule=\skip135
LaTeX Info: Redefining \em on input line 7678.
LaTeX Info: Redefining \emph on input line 7686.
\tocentryskip=\skip136
\tocbaseline=\skip137
\cftparskip=\skip138
\cftbeforebookskip=\skip139
\cftbookindent=\dimen172
\cftbooknumwidth=\dimen173
\cftbeforepartskip=\skip140
\cftpartindent=\skip141
\cftpartnumwidth=\skip142
\cftbeforechapterskip=\skip143
\cftchapterindent=\skip144
\cftchapternumwidth=\skip145
\cftbeforesectionskip=\skip146
\cftsectionindent=\skip147
\cftsectionnumwidth=\skip148
\cftbeforesubsectionskip=\skip149
\cftsubsectionindent=\skip150
\cftsubsectionnumwidth=\skip151
\cftbeforesubsubsectionskip=\skip152
\cftsubsubsectionindent=\skip153
\cftsubsubsectionnumwidth=\skip154
\cftbeforeparagraphskip=\skip155
\cftparagraphindent=\skip156
\cftparagraphnumwidth=\skip157
\cftbeforesubparagraphskip=\skip158
\cftsubparagraphindent=\skip159
\cftsubparagraphnumwidth=\skip160
\prechapterprecisshift=\dimen174
\c@maxsecnumdepth=\count280
\bibindent=\dimen175
\bibitemsep=\skip161
\indexcolsep=\skip162
\indexrule=\skip163
\indexmarkstyle=\toks21
\@indexbox=\insert252
\glossarycolsep=\dimen176
\glossaryrule=\dimen177
\sideparvshift=\skip164
\sideins=\insert251
\sidebartopsep=\skip165
\sidebarhsep=\skip166
\sidebarvsep=\skip167
\sidebarwidth=\skip168
\footmarkwidth=\skip169
\footmarksep=\skip170
\footparindent=\skip171
\footinsdim=\skip172
\footinsv@r=\insert250
\@mpfootinsv@r=\insert249
\m@m@k=\count281
\m@m@h=\dimen178
\m@mipn@skip=\skip173
\sidefootins=\insert248
\sidefootadjust=\skip174
\sidefootheight=\skip175
\sidefoothsep=\skip176
\sidefootvsep=\skip177
\sidefootwidth=\skip178
\m@mdownsf=\skip179
\c@sidefootnote=\count282
\sidefootmarkwidth=\skip180
\sidefootmarksep=\skip181
\sidefootparindent=\skip182
\c@pagenote=\count283
\c@pagenoteshadow=\count284
\mem@pn@lastkern=\skip183
\every@verbatim=\toks22
\afterevery@verbatim=\toks23
\verbatim@line=\toks24
\tab@position=\count285
\verbatim@in@stream=\read2
\verbatimindent=\skip184
\verbatim@out=\write3
\bvboxsep=\skip185
\c@memfbvline=\count286
\c@bvlinectr=\count287
\bvnumlength=\skip186
\fb@frw=\dimen179
\fb@frh=\dimen180
\FrameRule=\dimen181
\FrameSep=\dimen182
\c@cp@cntr=\count288
\c@ism@mctr=\count289
\c@xsm@mctr=\count290
\c@csm@mctr=\count291
\c@ksm@mctr=\count292
\c@xksm@mctr=\count293
\c@cksm@mctr=\count294
\c@msm@mctr=\count295
\c@xmsm@mctr=\count296
\c@cmsm@mctr=\count297
\c@bsm@mctr=\count298
\c@workm@mctr=\count299
\c@sheetsequence=\count300
\c@lastsheet=\count301
\c@lastpage=\count302

(c:/Users/issac/AppData/Roaming/TinyTeX/texmf-dist/tex/latex/textcase/textcase.
sty
Package: textcase 2019/09/14 v1.00 Text only upper/lower case changing (DPC)
)
\c@figure=\count303
\c@lofdepth=\count304
\cftbeforefigureskip=\skip187
\cftfigureindent=\skip188
\cftfigurenumwidth=\skip189
\c@table=\count305
\c@lotdepth=\count306
\cftbeforetableskip=\skip190
\cfttableindent=\skip191
\cfttablenumwidth=\skip192
Package abstract [2008/07/23] emulated by memoir.
Package appendix [2008/07/23] emulated by memoir.
Package booktabs [2016/05/16] emulated by memoir.
Package ccaption [2008/07/23] emulated by memoir.
Package changepage [2008/07/23] emulated by memoir.
Package chngcntr [2008/07/23] emulated by memoir.
Package chngpage [2008/07/23] emulated by memoir.
Package crop emulated by memoir.
Package enumerate [2008/07/23] emulated by memoir.
Package epigraph [2008/07/23] emulated by memoir.
Package ifmtarg [2008/07/23] emulated by memoir.
Package index [2008/07/23] emulated by memoir.
Package makeidx [2008/07/23] emulated by memoir.
Package moreverb [2008/07/23] emulated by memoir.
Package mparhack [2008/07/23] emulated by memoir.
Package needspace [2008/07/23] emulated by memoir.
Package newfile [2008/07/23] emulated by memoir.
Package nextpage [2008/07/23] emulated by memoir.
Package pagenote [2008/07/23] emulated by memoir.
Package parskip [2008/07/23] emulated by memoir.
Package patchcmd [2008/07/23] emulated by memoir.
Package setspace [2008/07/23] emulated by memoir.
Package shortvrb [2008/07/23] emulated by memoir.
Package showidx [2008/07/23] emulated by memoir.
Package titleref [2008/07/23] emulated by memoir.
Package titling [2008/07/23] emulated by memoir.
Package tocbibind [2008/07/23] emulated by memoir.
Package tocloft [2008/07/23] emulated by memoir.
Package tocvsec2 [2008/07/23] emulated by memoir.
Package verbatim [2008/07/23] emulated by memoir.
Package verse [2008/07/23] emulated by memoir.
)
(c:/Users/issac/AppData/Roaming/TinyTeX/texmf-dist/tex/generic/iftex/ifluatex.s
ty
Package: ifluatex 2019/10/25 v1.5 ifluatex legacy package. Use iftex instead.
)
(c:/Users/issac/AppData/Roaming/TinyTeX/texmf-dist/tex/generic/iftex/ifxetex.st
y
Package: ifxetex 2019/10/25 v0.7 ifxetex legacy package. Use iftex instead.
)
(c:/Users/issac/AppData/Roaming/TinyTeX/texmf-dist/tex/latex/kotex-oblivoir/mem
hangul-x/memhangul-x.sty
Package: memhangul-x 2020/02/05Hangul Typography for (x)oblivoir

(c:/Users/issac/AppData/Roaming/TinyTeX/texmf-dist/tex/latex/kotex-oblivoir/mem
hangul-x/xetexko-var.sty
Package: xetexko-var 2020/02/05 v0.14 Korean Typesetting under XeTeX

(c:/Users/issac/AppData/Roaming/TinyTeX/texmf-dist/tex/xetex/xetexko/xetexko-sp
ace.sty
Package: xetexko-space 2020/02/17 v2.23 Spacings and fonts for XeTeX-ko
\XeTeXcharclassID=\XeTeXcharclass1
\XeTeXcharclassOP=\XeTeXcharclass2
\XeTeXcharclassCL=\XeTeXcharclass3

(c:/Users/issac/AppData/Roaming/TinyTeX/texmf-dist/tex/generic/unicode-data/loa
d-unicode-xetex-classes.tex 
load-unicode-xetex-classes.tex v1.14 (2020-10-24)
Reading Unicode east Asian character class data
# LineBreak-13.0.0.txt 
# Date: 2020-02-17, 07:43:02 GMT [KW, LI] 
# EastAsianWidth-13.0.0.txt 
# Date: 2029-01-21, 18:14:00 GMT [KW, LI] 
)
\XKsmallkana=\XeTeXcharclass4
\XKcjkcolon=\XeTeXcharclass5
\XKcjkfullstop=\XeTeXcharclass6
\XKcjkliaison=\XeTeXcharclass7
\XKcjkextrastop=\XeTeXcharclass8
\XKcjksymbol=\XeTeXcharclass9
\XKhangulsyllable=\XeTeXcharclass10
\XKhanguljungjong=\XeTeXcharclass11
\XKlatinopening=\XeTeXcharclass12
\XKlatinclosing=\XeTeXcharclass13
\XKopeningquote=\XeTeXcharclass14
\XKclosingquote=\XeTeXcharclass15
\XKlatinfullstop=\XeTeXcharclass16
\XKlatinquestion=\XeTeXcharclass17
\XKlatinexclamation=\XeTeXcharclass18
\XKlatinhyphen=\XeTeXcharclass19
\XKlatincomma=\XeTeXcharclass20
\XKlatincolon=\XeTeXcharclass21
\XKlatinnumber=\XeTeXcharclass22
\XKhanjacombining=\XeTeXcharclass23
\XK@toks@=\toks25
\XKdotemphbox=\box53
)
(c:/Users/issac/AppData/Roaming/TinyTeX/texmf-dist/tex/xetex/xetexko/xetexko-jo
sa.sty
Package: xetexko-josa 2020/02/17 v2.23 Auto-josa for XeTeX-ko
\@josa=\count307
)
(c:/Users/issac/AppData/Roaming/TinyTeX/texmf-dist/tex/xetex/xetexko/xetexko-ve
rtical.sty
Package: xetexko-vertical 2020/02/17 v2.23 Vertical environment for XeTeX-ko
\verticalem=\dimen183
)
(c:/Users/issac/AppData/Roaming/TinyTeX/texmf-dist/tex/latex/kotex-oblivoir/mem
hangul-x/xob-dotemph.sty
\useremphraisedim=\dimen184
)
(c:/Users/issac/AppData/Roaming/TinyTeX/texmf-dist/tex/latex/kotex-oblivoir/mem
hangul-x/xob-hyper.sty)
(c:/Users/issac/AppData/Roaming/TinyTeX/texmf-dist/tex/latex/kotex-oblivoir/mem
hangul-x/xob-font.sty
Package: xob-font 2020/03/20 v0.8.1 select hangul/hanja fonts for oblivoir

(c:/Users/issac/AppData/Roaming/TinyTeX/texmf-dist/tex/xetex/xetexko/xetexko-fo
nt.sty
Package: xetexko-font 2020/02/17 v2.23 LaTeX Font commands for XeTeX-ko

(c:/Users/issac/AppData/Roaming/TinyTeX/texmf-dist/tex/latex/fontspec/fontspec.
sty
Package: fontspec 2020/02/21 v2.7i Font selection for XeLaTeX and LuaLaTeX

(c:/Users/issac/AppData/Roaming/TinyTeX/texmf-dist/tex/latex/fontspec/fontspec-
xetex.sty
Package: fontspec-xetex 2020/02/21 v2.7i Font selection for XeLaTeX and LuaLaTe
X
\l__fontspec_script_int=\count308
\l__fontspec_language_int=\count309
\l__fontspec_strnum_int=\count310
\l__fontspec_tmp_int=\count311
\l__fontspec_tmpa_int=\count312
\l__fontspec_tmpb_int=\count313
\l__fontspec_tmpc_int=\count314
\l__fontspec_em_int=\count315
\l__fontspec_emdef_int=\count316
\l__fontspec_strong_int=\count317
\l__fontspec_strongdef_int=\count318
\l__fontspec_tmpa_dim=\dimen185
\l__fontspec_tmpb_dim=\dimen186
\l__fontspec_tmpc_dim=\dimen187
(c:/Users/issac/AppData/Roaming/TinyTeX/texmf-dist/tex/latex/base/fontenc.sty
Package: fontenc 2020/08/10 v2.0s Standard LaTeX package
)
(c:/Users/issac/AppData/Roaming/TinyTeX/texmf-dist/tex/latex/fontspec/fontspec.
cfg)))))
(c:/Users/issac/AppData/Roaming/TinyTeX/texmf-dist/tex/latex/cjk-ko/kolabels-ut
f.sty
Package: kolabels-utf 2015/03/20 v1.5 UTF-8 Hangul item labels
))
\memh@hu=\dimen188
\t@nch@ars=\skip193
\tmp@XXbox=\box54
\tmp@XXdim=\dimen189

(c:/Users/issac/AppData/Roaming/TinyTeX/texmf-dist/tex/latex/kotex-oblivoir/mem
hangul-common/memhangul-common.sty
Package: memhangul-common 2020/02/05

(c:/Users/issac/AppData/Roaming/TinyTeX/texmf-dist/tex/latex/etoolbox/etoolbox.
sty
Package: etoolbox 2020/10/05 v2.5k e-TeX tools for LaTeX (JAW)
\etb@tempcnta=\count319
)
\togetheightoffont=\box55
\htoffnt=\skip194
\divnoteskip=\skip195

(c:/Users/issac/AppData/Roaming/TinyTeX/texmf-dist/tex/latex/kotex-oblivoir/mem
hangul-common/memhangul-patch.sty)
(c:/Users/issac/AppData/Roaming/TinyTeX/texmf-dist/tex/generic/hologo/hologo.st
y
Package: hologo 2019/12/05 v1.14 A logo collection with bookmark support (HO)

(c:/Users/issac/AppData/Roaming/TinyTeX/texmf-dist/tex/generic/ltxcmds/ltxcmds.
sty
Package: ltxcmds 2020-05-10 v1.25 LaTeX kernel commands for general use (HO)
)
(c:/Users/issac/AppData/Roaming/TinyTeX/texmf-dist/tex/generic/infwarerr/infwar
err.sty
Package: infwarerr 2019/12/03 v1.5 Providing info/warning/error messages (HO)
)
(c:/Users/issac/AppData/Roaming/TinyTeX/texmf-dist/tex/generic/kvsetkeys/kvsetk
eys.sty
Package: kvsetkeys 2019/12/15 v1.18 Key value parser (HO)
)
(c:/Users/issac/AppData/Roaming/TinyTeX/texmf-dist/tex/generic/kvdefinekeys/kvd
efinekeys.sty
Package: kvdefinekeys 2019-12-19 v1.6 Define keys (HO)
)
(c:/Users/issac/AppData/Roaming/TinyTeX/texmf-dist/tex/generic/pdftexcmds/pdfte
xcmds.sty
Package: pdftexcmds 2020-06-27 v0.33 Utility functions of pdfTeX for LuaTeX (HO
)
Package pdftexcmds Info: \pdf@primitive is available.
Package pdftexcmds Info: \pdf@ifprimitive is available.
Package pdftexcmds Info: \pdfdraftmode not found.
)
(c:/Users/issac/AppData/Roaming/TinyTeX/texmf-dist/tex/latex/kvoptions/kvoption
s.sty
Package: kvoptions 2020-10-07 v3.14 Key value format for package options (HO)
)
Package hologo Info: Using driver `xetex'.
)
\pghgheadwidth=\dimen190
\c@APPchapter=\count320
\c@APPsection=\count321
\c@APPsubsection=\count322
)
(c:/Users/issac/AppData/Roaming/TinyTeX/texmf-dist/tex/latex/kotex-oblivoir/mem
hangul-common/memucs-setspace.sty
Package: memucs-setspace 2007/09/21 6.7-memucs8 Contributed and Supported LaTeX
2e package
Package: `memucs-setspace', a modified version of `setspace', 6.7-memucs8 <2007
/09/21>
))
\ob@hu=\dimen191

(c:/Users/issac/AppData/Roaming/TinyTeX/texmf-dist/tex/latex/hyperref/hyperref.
sty
Package: hyperref 2021-02-10 v7.00j Hypertext links for LaTeX

(c:/Users/issac/AppData/Roaming/TinyTeX/texmf-dist/tex/generic/pdfescape/pdfesc
ape.sty
Package: pdfescape 2019/12/09 v1.15 Implements pdfTeX's escape features (HO)
)
(c:/Users/issac/AppData/Roaming/TinyTeX/texmf-dist/tex/latex/hycolor/hycolor.st
y
Package: hycolor 2020-01-27 v1.10 Color options for hyperref/bookmark (HO)
)
(c:/Users/issac/AppData/Roaming/TinyTeX/texmf-dist/tex/latex/letltxmacro/letltx
macro.sty
Package: letltxmacro 2019/12/03 v1.6 Let assignment for LaTeX macros (HO)
)
(c:/Users/issac/AppData/Roaming/TinyTeX/texmf-dist/tex/latex/auxhook/auxhook.st
y
Package: auxhook 2019-12-17 v1.6 Hooks for auxiliary files (HO)
)
\@linkdim=\dimen192
\Hy@linkcounter=\count323
\Hy@pagecounter=\count324

(c:/Users/issac/AppData/Roaming/TinyTeX/texmf-dist/tex/latex/hyperref/pd1enc.de
f
File: pd1enc.def 2021-02-10 v7.00j Hyperref: PDFDocEncoding definition (HO)
)
(c:/Users/issac/AppData/Roaming/TinyTeX/texmf-dist/tex/latex/hyperref/hyperref-
langpatches.def
File: hyperref-langpatches.def 2021-02-10 v7.00j Hyperref: patches for babel la
nguages
)
(c:/Users/issac/AppData/Roaming/TinyTeX/texmf-dist/tex/generic/intcalc/intcalc.
sty
Package: intcalc 2019/12/15 v1.3 Expandable calculations with integers (HO)
)
(c:/Users/issac/AppData/Roaming/TinyTeX/texmf-dist/tex/generic/etexcmds/etexcmd
s.sty
Package: etexcmds 2019/12/15 v1.7 Avoid name clashes with e-TeX commands (HO)
)
\Hy@SavedSpaceFactor=\count325

(c:/Users/issac/AppData/Roaming/TinyTeX/texmf-dist/tex/latex/hyperref/puenc.def
File: puenc.def 2021-02-10 v7.00j Hyperref: PDF Unicode definition (HO)
)
Package hyperref Info: Hyper figures OFF on input line 4192.
Package hyperref Info: Link nesting OFF on input line 4197.
Package hyperref Info: Hyper index ON on input line 4200.
Package hyperref Info: Plain pages OFF on input line 4207.
Package hyperref Info: Backreferencing OFF on input line 4212.
Package hyperref Info: Implicit mode ON; LaTeX internals redefined.
Package hyperref Info: Bookmarks ON on input line 4445.
\c@Hy@tempcnt=\count326
(c:/Users/issac/AppData/Roaming/TinyTeX/texmf-dist/tex/latex/url/url.sty
\Urlmuskip=\muskip16
Package: url 2013/09/16  ver 3.4  Verb mode for urls, etc.
)
LaTeX Info: Redefining \url on input line 4804.
\XeTeXLinkMargin=\dimen193

(c:/Users/issac/AppData/Roaming/TinyTeX/texmf-dist/tex/generic/bitset/bitset.st
y
Package: bitset 2019/12/09 v1.3 Handle bit-vector datatype (HO)

(c:/Users/issac/AppData/Roaming/TinyTeX/texmf-dist/tex/generic/bigintcalc/bigin
tcalc.sty
Package: bigintcalc 2019/12/15 v1.5 Expandable calculations on big integers (HO
)
))
\Fld@menulength=\count327
\Field@Width=\dimen194
\Fld@charsize=\dimen195
Package hyperref Info: Hyper figures OFF on input line 6075.
Package hyperref Info: Link nesting OFF on input line 6080.
Package hyperref Info: Hyper index ON on input line 6083.
Package hyperref Info: backreferencing OFF on input line 6090.
Package hyperref Info: Link coloring OFF on input line 6095.
Package hyperref Info: Link coloring with OCG OFF on input line 6100.
Package hyperref Info: PDF/A mode OFF on input line 6105.
LaTeX Info: Redefining \ref on input line 6145.
LaTeX Info: Redefining \pageref on input line 6149.

(c:/Users/issac/AppData/Roaming/TinyTeX/texmf-dist/tex/latex/base/atbegshi-ltx.
sty
Package: atbegshi-ltx 2020/08/17 v1.0a Emulation of the original atbegshi packa
ge
with kernel methods
)
\Hy@abspage=\count328
\c@Item=\count329
\c@Hfootnote=\count330
)
(c:/Users/issac/AppData/Roaming/TinyTeX/texmf-dist/tex/latex/memoir/memhfixc.st
y
Package: memhfixc 2019/10/24 v1.18 nameref/hyperref package fixes for memoir cl
ass
\c@memhycontfloat=\count331
\c@Hpagenote=\count332
)
Package hyperref Info: Driver (autodetected): hxetex.

(c:/Users/issac/AppData/Roaming/TinyTeX/texmf-dist/tex/latex/hyperref/hxetex.de
f
File: hxetex.def 2021-02-10 v7.00j Hyperref driver for XeTeX

(c:/Users/issac/AppData/Roaming/TinyTeX/texmf-dist/tex/generic/stringenc/string
enc.sty
Package: stringenc 2019/11/29 v1.12 Convert strings between diff. encodings (HO
)
)
\pdfm@box=\box56
\c@Hy@AnnotLevel=\count333
\HyField@AnnotCount=\count334
\Fld@listcount=\count335
\c@bookmark@seq@number=\count336

(c:/Users/issac/AppData/Roaming/TinyTeX/texmf-dist/tex/latex/rerunfilecheck/rer
unfilecheck.sty
Package: rerunfilecheck 2019/12/05 v1.9 Rerun checks for auxiliary files (HO)

(c:/Users/issac/AppData/Roaming/TinyTeX/texmf-dist/tex/latex/base/atveryend-ltx
.sty
Package: atveryend-ltx 2020/08/19 v1.0a Emulation of the original atvery packag
e
with kernel methods
)
(c:/Users/issac/AppData/Roaming/TinyTeX/texmf-dist/tex/generic/uniquecounter/un
iquecounter.sty
Package: uniquecounter 2019/12/15 v1.4 Provide unlimited unique counter (HO)
)
Package uniquecounter Info: New unique counter `rerunfilecheck' on input line 2
86.
)
\Hy@SectionHShift=\skip196
)
\@ensp=\skip197

(c:/Users/issac/AppData/Roaming/TinyTeX/texmf-dist/tex/latex/kotex-oblivoir/mem
hangul-common/ob-toclof.sty)
(c:/Users/issac/AppData/Roaming/TinyTeX/texmf-dist/tex/latex/kotex-oblivoir/mem
hangul-common/ob-koreanappendix.sty)))
(c:/Users/issac/AppData/Roaming/TinyTeX/texmf-dist/tex/latex/kotex-oblivoir/mem
hangul-common/fapapersize.sty
Package: fapapersize 2020/02/10 v0.1
\fa@stockheight=\skip198
\fa@stockwidth=\skip199
\fa@paperheight=\skip256
\fa@paperwidth=\skip257
\fa@leftmargin=\skip258
\fa@rightmargin=\skip259
\fa@uppermargin=\skip260
\fa@lowermargin=\skip261
\fa@tmplenwd=\skip262
\fa@tmplenht=\skip263
\tmp@dim=\dimen196
) (c:/Users/issac/AppData/Roaming/TinyTeX/texmf-dist/tex/latex/cjk-ko/kotex.sty
Package: kotex 2015/04/19 v1.6 Korean TeX (ko.TeX)

(c:/Users/issac/AppData/Roaming/TinyTeX/texmf-dist/tex/latex/kotex-utf/kotex.cf
g)
(c:/Users/issac/AppData/Roaming/TinyTeX/texmf-dist/tex/xetex/xetexko/xetexko.st
y
Package: xetexko 2020/02/17 v2.23 Typesetting Korean with XeTeX
))
(c:/Users/issac/AppData/Roaming/TinyTeX/texmf-dist/tex/latex/tools/multicol.sty
Package: multicol 2019/12/09 v1.8y multicolumn formatting (FMi)
\c@tracingmulticols=\count337
\mult@box=\box57
\multicol@leftmargin=\dimen197
\c@unbalance=\count338
\c@collectmore=\count339
\doublecol@number=\count340
\multicoltolerance=\count341
\multicolpretolerance=\count342
\full@width=\dimen198
\page@free=\dimen199
\premulticols=\dimen256
\postmulticols=\dimen257
\multicolsep=\skip264
\multicolbaselineskip=\skip265
\partial@page=\box58
\last@line=\box59
\maxbalancingoverflow=\dimen258
\mult@rightbox=\box60
\mult@grightbox=\box61
\mult@gfirstbox=\box62
\mult@firstbox=\box63
\@tempa=\box64
\@tempa=\box65
\@tempa=\box66
\@tempa=\box67
\@tempa=\box68
\@tempa=\box69
\@tempa=\box70
\@tempa=\box71
\@tempa=\box72
\@tempa=\box73
\@tempa=\box74
\@tempa=\box75
\@tempa=\box76
\@tempa=\box77
\@tempa=\box78
\@tempa=\box79
\@tempa=\box80
\@tempa=\box81
\@tempa=\box82
\@tempa=\box83
\@tempa=\box84
\@tempa=\box85
\@tempa=\box86
\@tempa=\box87
\@tempa=\box88
\@tempa=\box89
\@tempa=\box90
\@tempa=\box91
\@tempa=\box92
\@tempa=\box93
\@tempa=\box94
\@tempa=\box95
\@tempa=\box96
\@tempa=\box97
\@tempa=\box98
\@tempa=\box99
\@tempa=\box100
\c@minrows=\count343
\c@columnbadness=\count344
\c@finalcolumnbadness=\count345
\last@try=\dimen259
\multicolovershoot=\dimen260
\multicolundershoot=\dimen261
\mult@nat@firstbox=\box101
\colbreak@box=\box102
\mc@col@check@num=\count346
) (c:/Users/issac/AppData/Roaming/TinyTeX/texmf-dist/tex/latex/tools/calc.sty
Package: calc 2017/05/25 v4.3 Infix arithmetic (KKT,FJ)
\calc@Acount=\count347
\calc@Bcount=\count348
\calc@Adimen=\dimen262
\calc@Bdimen=\dimen263
\calc@Askip=\skip266
\calc@Bskip=\skip267
LaTeX Info: Redefining \setlength on input line 80.
LaTeX Info: Redefining \addtolength on input line 81.
\calc@Ccount=\count349
\calc@Cskip=\skip268
)
(c:/Users/issac/AppData/Roaming/TinyTeX/texmf-dist/tex/latex/amsmath/amsmath.st
y
Package: amsmath 2020/09/23 v2.17i AMS math features
\@mathmargin=\skip269
For additional information on amsmath, use the `?' option.

(c:/Users/issac/AppData/Roaming/TinyTeX/texmf-dist/tex/latex/amsmath/amstext.st
y
Package: amstext 2000/06/29 v2.01 AMS text

(c:/Users/issac/AppData/Roaming/TinyTeX/texmf-dist/tex/latex/amsmath/amsgen.sty
File: amsgen.sty 1999/11/30 v2.0 generic functions
\@emptytoks=\toks26
\ex@=\dimen264
))
(c:/Users/issac/AppData/Roaming/TinyTeX/texmf-dist/tex/latex/amsmath/amsbsy.sty
Package: amsbsy 1999/11/29 v1.2d Bold Symbols
\pmbraise@=\dimen265
)
(c:/Users/issac/AppData/Roaming/TinyTeX/texmf-dist/tex/latex/amsmath/amsopn.sty
Package: amsopn 2016/03/08 v2.02 operator names
)
\inf@bad=\count350
LaTeX Info: Redefining \frac on input line 234.
\uproot@=\count351
\leftroot@=\count352
LaTeX Info: Redefining \overline on input line 399.
\classnum@=\count353
\DOTSCASE@=\count354
LaTeX Info: Redefining \ldots on input line 496.
LaTeX Info: Redefining \dots on input line 499.
LaTeX Info: Redefining \cdots on input line 620.
\Mathstrutbox@=\box103
\strutbox@=\box104
\big@size=\dimen266
LaTeX Font Info:    Redeclaring font encoding OML on input line 743.
LaTeX Font Info:    Redeclaring font encoding OMS on input line 744.
\macc@depth=\count355
\c@MaxMatrixCols=\count356
\dotsspace@=\muskip17
\c@parentequation=\count357
\dspbrk@lvl=\count358
\tag@help=\toks27
\row@=\count359
\column@=\count360
\maxfields@=\count361
\andhelp@=\toks28
\eqnshift@=\dimen267
\alignsep@=\dimen268
\tagshift@=\dimen269
\tagwidth@=\dimen270
\totwidth@=\dimen271
\lineht@=\dimen272
\@envbody=\toks29
\multlinegap=\skip270
\multlinetaggap=\skip271
\mathdisplay@stack=\toks30
LaTeX Info: Redefining \[ on input line 2923.
LaTeX Info: Redefining \] on input line 2924.
) (c:/Users/issac/AppData/Roaming/TinyTeX/texmf-dist/tex/latex/amscls/amsthm.st
y
Package: amsthm 2020/05/29 v2.20.6
\thm@style=\toks31
\thm@bodyfont=\toks32
\thm@headfont=\toks33
\thm@notefont=\toks34
\thm@headpunct=\toks35
\thm@preskip=\skip272
\thm@postskip=\skip273
\thm@headsep=\skip274
\dth@everypar=\toks36
)
(c:/Users/issac/AppData/Roaming/TinyTeX/texmf-dist/tex/latex/amsfonts/amsfonts.
sty
Package: amsfonts 2013/01/14 v3.01 Basic AMSFonts support
\symAMSa=\mathgroup4
\symAMSb=\mathgroup5
LaTeX Font Info:    Redeclaring math symbol \hbar on input line 98.
LaTeX Font Info:    Overwriting math alphabet `\mathfrak' in version `bold'
(Font)                  U/euf/m/n --> U/euf/b/n on input line 106.
)
(c:/Users/issac/AppData/Roaming/TinyTeX/texmf-dist/tex/latex/amsfonts/amssymb.s
ty
Package: amssymb 2013/01/14 v3.01 AMS font symbols
)
(c:/Users/issac/AppData/Roaming/TinyTeX/texmf-dist/tex/latex/graphics/color.sty
Package: color 2020/02/24 v1.2b Standard LaTeX Color (DPC)

(c:/Users/issac/AppData/Roaming/TinyTeX/texmf-dist/tex/latex/graphics-cfg/color
.cfg
File: color.cfg 2016/01/02 v1.6 sample color configuration
)
Package color Info: Driver file: xetex.def on input line 147.

(c:/Users/issac/AppData/Roaming/TinyTeX/texmf-dist/tex/latex/graphics-def/xetex
.def
File: xetex.def 2020/08/26 v5.0i Graphics/color driver for xetex
))
(c:/Users/issac/AppData/Roaming/TinyTeX/texmf-dist/tex/latex/graphics/graphicx.
sty
Package: graphicx 2020/09/09 v1.2b Enhanced LaTeX Graphics (DPC,SPQR)

(c:/Users/issac/AppData/Roaming/TinyTeX/texmf-dist/tex/latex/graphics/graphics.
sty
Package: graphics 2020/08/30 v1.4c Standard LaTeX Graphics (DPC,SPQR)
(c:/Users/issac/AppData/Roaming/TinyTeX/texmf-dist/tex/latex/graphics/trig.sty
Package: trig 2016/01/03 v1.10 sin cos tan (DPC)
)
(c:/Users/issac/AppData/Roaming/TinyTeX/texmf-dist/tex/latex/graphics-cfg/graph
ics.cfg
File: graphics.cfg 2016/06/04 v1.11 sample graphics configuration
)
Package graphics Info: Driver file: xetex.def on input line 105.
)
\Gin@req@height=\dimen273
\Gin@req@width=\dimen274
)
(c:/Users/issac/AppData/Roaming/TinyTeX/texmf-dist/tex/latex/overpic/overpic.st
y
Package: overpic 2020/02/22 1.3 picture overlays (RN)
(c:/Users/issac/AppData/Roaming/TinyTeX/texmf-dist/tex/latex/eepic/epic.sty
Enhancements to Picture Environment. Version 1.2 - Released June 1, 1986
\@@multicnt=\count362
\d@lta=\count363
\@delta=\dimen275
\@@delta=\dimen276
\@gridcnt=\count364
\@joinkind=\count365
\@dotgap=\dimen277
\@ddotgap=\dimen278
\@x@diff=\count366
\@y@diff=\count367
\x@diff=\dimen279
\y@diff=\dimen280
\@dotbox=\box105
\num@segments=\count368
\num@segmentsi=\count369
\@datafile=\read3
)
\OVP@box=\box106
) (c:/Users/issac/AppData/Roaming/TinyTeX/texmf-dist/tex/latex/base/inputenc.st
y
Package: inputenc 2020/08/01 v1.3d Input encoding file
\inpenc@prehook=\toks37
\inpenc@posthook=\toks38

Package inputenc Warning: inputenc package ignored with utf8 based engines.

) (c:/Users/issac/AppData/Roaming/TinyTeX/texmf-dist/tex/latex/base/textcomp.st
y
Package: textcomp 2020/02/02 v2.0n Standard LaTeX package
)
(c:/Users/issac/AppData/Roaming/TinyTeX/texmf-dist/tex/latex/tcolorbox/tcolorbo
x.sty
Package: tcolorbox 2020/10/09 version 4.42 text color boxes

(c:/Users/issac/AppData/Roaming/TinyTeX/texmf-dist/tex/latex/pgf/basiclayer/pgf
.sty
(c:/Users/issac/AppData/Roaming/TinyTeX/texmf-dist/tex/latex/pgf/utilities/pgfr
cs.sty
(c:/Users/issac/AppData/Roaming/TinyTeX/texmf-dist/tex/generic/pgf/utilities/pg
futil-common.tex
\pgfutil@everybye=\toks39
\pgfutil@tempdima=\dimen281
\pgfutil@tempdimb=\dimen282

(c:/Users/issac/AppData/Roaming/TinyTeX/texmf-dist/tex/generic/pgf/utilities/pg
futil-common-lists.tex))
(c:/Users/issac/AppData/Roaming/TinyTeX/texmf-dist/tex/generic/pgf/utilities/pg
futil-latex.def
\pgfutil@abb=\box107
)
(c:/Users/issac/AppData/Roaming/TinyTeX/texmf-dist/tex/generic/pgf/utilities/pg
frcs.code.tex
(c:/Users/issac/AppData/Roaming/TinyTeX/texmf-dist/tex/generic/pgf/pgf.revision
.tex)
Package: pgfrcs 2020/12/27 v3.1.8b (3.1.8b)
))
Package: pgf 2020/12/27 v3.1.8b (3.1.8b)

(c:/Users/issac/AppData/Roaming/TinyTeX/texmf-dist/tex/latex/pgf/basiclayer/pgf
core.sty
(c:/Users/issac/AppData/Roaming/TinyTeX/texmf-dist/tex/latex/pgf/systemlayer/pg
fsys.sty
(c:/Users/issac/AppData/Roaming/TinyTeX/texmf-dist/tex/generic/pgf/systemlayer/
pgfsys.code.tex
Package: pgfsys 2020/12/27 v3.1.8b (3.1.8b)

(c:/Users/issac/AppData/Roaming/TinyTeX/texmf-dist/tex/generic/pgf/utilities/pg
fkeys.code.tex
\pgfkeys@pathtoks=\toks40
\pgfkeys@temptoks=\toks41

(c:/Users/issac/AppData/Roaming/TinyTeX/texmf-dist/tex/generic/pgf/utilities/pg
fkeysfiltered.code.tex
\pgfkeys@tmptoks=\toks42
))
\pgf@x=\dimen283
\pgf@y=\dimen284
\pgf@xa=\dimen285
\pgf@ya=\dimen286
\pgf@xb=\dimen287
\pgf@yb=\dimen288
\pgf@xc=\dimen289
\pgf@yc=\dimen290
\pgf@xd=\dimen291
\pgf@yd=\dimen292
\w@pgf@writea=\write4
\r@pgf@reada=\read4
\c@pgf@counta=\count370
\c@pgf@countb=\count371
\c@pgf@countc=\count372
\c@pgf@countd=\count373
\t@pgf@toka=\toks43
\t@pgf@tokb=\toks44
\t@pgf@tokc=\toks45
\pgf@sys@id@count=\count374

(c:/Users/issac/AppData/Roaming/TinyTeX/texmf-dist/tex/generic/pgf/systemlayer/
pgf.cfg
File: pgf.cfg 2020/12/27 v3.1.8b (3.1.8b)
)
Driver file for pgf: pgfsys-xetex.def

(c:/Users/issac/AppData/Roaming/TinyTeX/texmf-dist/tex/generic/pgf/systemlayer/
pgfsys-xetex.def
File: pgfsys-xetex.def 2020/12/27 v3.1.8b (3.1.8b)

(c:/Users/issac/AppData/Roaming/TinyTeX/texmf-dist/tex/generic/pgf/systemlayer/
pgfsys-dvipdfmx.def
File: pgfsys-dvipdfmx.def 2020/12/27 v3.1.8b (3.1.8b)

(c:/Users/issac/AppData/Roaming/TinyTeX/texmf-dist/tex/generic/pgf/systemlayer/
pgfsys-common-pdf.def
File: pgfsys-common-pdf.def 2020/12/27 v3.1.8b (3.1.8b)
)
\pgfsys@objnum=\count375
)))
(c:/Users/issac/AppData/Roaming/TinyTeX/texmf-dist/tex/generic/pgf/systemlayer/
pgfsyssoftpath.code.tex
File: pgfsyssoftpath.code.tex 2020/12/27 v3.1.8b (3.1.8b)
\pgfsyssoftpath@smallbuffer@items=\count376
\pgfsyssoftpath@bigbuffer@items=\count377
)
(c:/Users/issac/AppData/Roaming/TinyTeX/texmf-dist/tex/generic/pgf/systemlayer/
pgfsysprotocol.code.tex
File: pgfsysprotocol.code.tex 2020/12/27 v3.1.8b (3.1.8b)
)) (c:/Users/issac/AppData/Roaming/TinyTeX/texmf-dist/tex/latex/xcolor/xcolor.s
ty
Package: xcolor 2016/05/11 v2.12 LaTeX color extensions (UK)

(c:/Users/issac/AppData/Roaming/TinyTeX/texmf-dist/tex/latex/graphics-cfg/color
.cfg
File: color.cfg 2016/01/02 v1.6 sample color configuration
)
Package xcolor Info: Driver file: xetex.def on input line 225.
LaTeX Info: Redefining \color on input line 709.
Package xcolor Info: Model `cmy' substituted by `cmy0' on input line 1348.
Package xcolor Info: Model `RGB' extended on input line 1364.
Package xcolor Info: Model `HTML' substituted by `rgb' on input line 1366.
Package xcolor Info: Model `Hsb' substituted by `hsb' on input line 1367.
Package xcolor Info: Model `tHsb' substituted by `hsb' on input line 1368.
Package xcolor Info: Model `HSB' substituted by `hsb' on input line 1369.
Package xcolor Info: Model `Gray' substituted by `gray' on input line 1370.
Package xcolor Info: Model `wave' substituted by `hsb' on input line 1371.
)
(c:/Users/issac/AppData/Roaming/TinyTeX/texmf-dist/tex/generic/pgf/basiclayer/p
gfcore.code.tex
Package: pgfcore 2020/12/27 v3.1.8b (3.1.8b)

(c:/Users/issac/AppData/Roaming/TinyTeX/texmf-dist/tex/generic/pgf/math/pgfmath
.code.tex
(c:/Users/issac/AppData/Roaming/TinyTeX/texmf-dist/tex/generic/pgf/math/pgfmath
calc.code.tex
(c:/Users/issac/AppData/Roaming/TinyTeX/texmf-dist/tex/generic/pgf/math/pgfmath
util.code.tex)
(c:/Users/issac/AppData/Roaming/TinyTeX/texmf-dist/tex/generic/pgf/math/pgfmath
parser.code.tex
\pgfmath@dimen=\dimen293
\pgfmath@count=\count378
\pgfmath@box=\box108
\pgfmath@toks=\toks46
\pgfmath@stack@operand=\toks47
\pgfmath@stack@operation=\toks48
)
(c:/Users/issac/AppData/Roaming/TinyTeX/texmf-dist/tex/generic/pgf/math/pgfmath
functions.code.tex
(c:/Users/issac/AppData/Roaming/TinyTeX/texmf-dist/tex/generic/pgf/math/pgfmath
functions.basic.code.tex)
(c:/Users/issac/AppData/Roaming/TinyTeX/texmf-dist/tex/generic/pgf/math/pgfmath
functions.trigonometric.code.tex)
(c:/Users/issac/AppData/Roaming/TinyTeX/texmf-dist/tex/generic/pgf/math/pgfmath
functions.random.code.tex)
(c:/Users/issac/AppData/Roaming/TinyTeX/texmf-dist/tex/generic/pgf/math/pgfmath
functions.comparison.code.tex)
(c:/Users/issac/AppData/Roaming/TinyTeX/texmf-dist/tex/generic/pgf/math/pgfmath
functions.base.code.tex)
(c:/Users/issac/AppData/Roaming/TinyTeX/texmf-dist/tex/generic/pgf/math/pgfmath
functions.round.code.tex)
(c:/Users/issac/AppData/Roaming/TinyTeX/texmf-dist/tex/generic/pgf/math/pgfmath
functions.misc.code.tex)
(c:/Users/issac/AppData/Roaming/TinyTeX/texmf-dist/tex/generic/pgf/math/pgfmath
functions.integerarithmetics.code.tex)))
(c:/Users/issac/AppData/Roaming/TinyTeX/texmf-dist/tex/generic/pgf/math/pgfmath
float.code.tex
\c@pgfmathroundto@lastzeros=\count379
))
(c:/Users/issac/AppData/Roaming/TinyTeX/texmf-dist/tex/generic/pgf/math/pgfint.
code.tex)
(c:/Users/issac/AppData/Roaming/TinyTeX/texmf-dist/tex/generic/pgf/basiclayer/p
gfcorepoints.code.tex
File: pgfcorepoints.code.tex 2020/12/27 v3.1.8b (3.1.8b)
\pgf@picminx=\dimen294
\pgf@picmaxx=\dimen295
\pgf@picminy=\dimen296
\pgf@picmaxy=\dimen297
\pgf@pathminx=\dimen298
\pgf@pathmaxx=\dimen299
\pgf@pathminy=\dimen300
\pgf@pathmaxy=\dimen301
\pgf@xx=\dimen302
\pgf@xy=\dimen303
\pgf@yx=\dimen304
\pgf@yy=\dimen305
\pgf@zx=\dimen306
\pgf@zy=\dimen307
)
(c:/Users/issac/AppData/Roaming/TinyTeX/texmf-dist/tex/generic/pgf/basiclayer/p
gfcorepathconstruct.code.tex
File: pgfcorepathconstruct.code.tex 2020/12/27 v3.1.8b (3.1.8b)
\pgf@path@lastx=\dimen308
\pgf@path@lasty=\dimen309
)
(c:/Users/issac/AppData/Roaming/TinyTeX/texmf-dist/tex/generic/pgf/basiclayer/p
gfcorepathusage.code.tex
File: pgfcorepathusage.code.tex 2020/12/27 v3.1.8b (3.1.8b)
\pgf@shorten@end@additional=\dimen310
\pgf@shorten@start@additional=\dimen311
)
(c:/Users/issac/AppData/Roaming/TinyTeX/texmf-dist/tex/generic/pgf/basiclayer/p
gfcorescopes.code.tex
File: pgfcorescopes.code.tex 2020/12/27 v3.1.8b (3.1.8b)
\pgfpic=\box109
\pgf@hbox=\box110
\pgf@layerbox@main=\box111
\pgf@picture@serial@count=\count380
)
(c:/Users/issac/AppData/Roaming/TinyTeX/texmf-dist/tex/generic/pgf/basiclayer/p
gfcoregraphicstate.code.tex
File: pgfcoregraphicstate.code.tex 2020/12/27 v3.1.8b (3.1.8b)
\pgflinewidth=\dimen312
)
(c:/Users/issac/AppData/Roaming/TinyTeX/texmf-dist/tex/generic/pgf/basiclayer/p
gfcoretransformations.code.tex
File: pgfcoretransformations.code.tex 2020/12/27 v3.1.8b (3.1.8b)
\pgf@pt@x=\dimen313
\pgf@pt@y=\dimen314
\pgf@pt@temp=\dimen315
)
(c:/Users/issac/AppData/Roaming/TinyTeX/texmf-dist/tex/generic/pgf/basiclayer/p
gfcorequick.code.tex
File: pgfcorequick.code.tex 2020/12/27 v3.1.8b (3.1.8b)
)
(c:/Users/issac/AppData/Roaming/TinyTeX/texmf-dist/tex/generic/pgf/basiclayer/p
gfcoreobjects.code.tex
File: pgfcoreobjects.code.tex 2020/12/27 v3.1.8b (3.1.8b)
)
(c:/Users/issac/AppData/Roaming/TinyTeX/texmf-dist/tex/generic/pgf/basiclayer/p
gfcorepathprocessing.code.tex
File: pgfcorepathprocessing.code.tex 2020/12/27 v3.1.8b (3.1.8b)
)
(c:/Users/issac/AppData/Roaming/TinyTeX/texmf-dist/tex/generic/pgf/basiclayer/p
gfcorearrows.code.tex
File: pgfcorearrows.code.tex 2020/12/27 v3.1.8b (3.1.8b)
\pgfarrowsep=\dimen316
)
(c:/Users/issac/AppData/Roaming/TinyTeX/texmf-dist/tex/generic/pgf/basiclayer/p
gfcoreshade.code.tex
File: pgfcoreshade.code.tex 2020/12/27 v3.1.8b (3.1.8b)
\pgf@max=\dimen317
\pgf@sys@shading@range@num=\count381
\pgf@shadingcount=\count382
)
(c:/Users/issac/AppData/Roaming/TinyTeX/texmf-dist/tex/generic/pgf/basiclayer/p
gfcoreimage.code.tex
File: pgfcoreimage.code.tex 2020/12/27 v3.1.8b (3.1.8b)

(c:/Users/issac/AppData/Roaming/TinyTeX/texmf-dist/tex/generic/pgf/basiclayer/p
gfcoreexternal.code.tex
File: pgfcoreexternal.code.tex 2020/12/27 v3.1.8b (3.1.8b)
\pgfexternal@startupbox=\box112
))
(c:/Users/issac/AppData/Roaming/TinyTeX/texmf-dist/tex/generic/pgf/basiclayer/p
gfcorelayers.code.tex
File: pgfcorelayers.code.tex 2020/12/27 v3.1.8b (3.1.8b)
)
(c:/Users/issac/AppData/Roaming/TinyTeX/texmf-dist/tex/generic/pgf/basiclayer/p
gfcoretransparency.code.tex
File: pgfcoretransparency.code.tex 2020/12/27 v3.1.8b (3.1.8b)
)
(c:/Users/issac/AppData/Roaming/TinyTeX/texmf-dist/tex/generic/pgf/basiclayer/p
gfcorepatterns.code.tex
File: pgfcorepatterns.code.tex 2020/12/27 v3.1.8b (3.1.8b)
)
(c:/Users/issac/AppData/Roaming/TinyTeX/texmf-dist/tex/generic/pgf/basiclayer/p
gfcorerdf.code.tex
File: pgfcorerdf.code.tex 2020/12/27 v3.1.8b (3.1.8b)
)))
(c:/Users/issac/AppData/Roaming/TinyTeX/texmf-dist/tex/generic/pgf/modules/pgfm
oduleshapes.code.tex
File: pgfmoduleshapes.code.tex 2020/12/27 v3.1.8b (3.1.8b)
\pgfnodeparttextbox=\box113
)
(c:/Users/issac/AppData/Roaming/TinyTeX/texmf-dist/tex/generic/pgf/modules/pgfm
oduleplot.code.tex
File: pgfmoduleplot.code.tex 2020/12/27 v3.1.8b (3.1.8b)
)
(c:/Users/issac/AppData/Roaming/TinyTeX/texmf-dist/tex/latex/pgf/compatibility/
pgfcomp-version-0-65.sty
Package: pgfcomp-version-0-65 2020/12/27 v3.1.8b (3.1.8b)
\pgf@nodesepstart=\dimen318
\pgf@nodesepend=\dimen319
)
(c:/Users/issac/AppData/Roaming/TinyTeX/texmf-dist/tex/latex/pgf/compatibility/
pgfcomp-version-1-18.sty
Package: pgfcomp-version-1-18 2020/12/27 v3.1.8b (3.1.8b)
))
(c:/Users/issac/AppData/Roaming/TinyTeX/texmf-dist/tex/latex/environ/environ.st
y
Package: environ 2014/05/04 v0.3 A new way to define environments

(c:/Users/issac/AppData/Roaming/TinyTeX/texmf-dist/tex/latex/trimspaces/trimspa
ces.sty
Package: trimspaces 2009/09/17 v1.1 Trim spaces around a token list
))
\tcb@titlebox=\box114
\tcb@upperbox=\box115
\tcb@lowerbox=\box116
\tcb@phantombox=\box117
\c@tcbbreakpart=\count383
\c@tcblayer=\count384
\c@tcolorbox@number=\count385
\tcb@temp=\box118
\tcb@temp=\box119
\tcb@temp=\box120
\tcb@temp=\box121
\tcb@out=\write5
\tcb@record@out=\write6

(c:/Users/issac/AppData/Roaming/TinyTeX/texmf-dist/tex/latex/tcolorbox/tcbraste
r.code.tex
Library (tcolorbox): 'tcbraster.code.tex' version '4.42'
\c@tcbrastercolumn=\count386
\c@tcbrasterrow=\count387
\c@tcbraster=\count388
)
(c:/Users/issac/AppData/Roaming/TinyTeX/texmf-dist/tex/latex/tcolorbox/tcbskins
.code.tex
Library (tcolorbox): 'tcbskins.code.tex' version '4.42'

(c:/Users/issac/AppData/Roaming/TinyTeX/texmf-dist/tex/latex/pgf/frontendlayer/
tikz.sty
(c:/Users/issac/AppData/Roaming/TinyTeX/texmf-dist/tex/latex/pgf/utilities/pgff
or.sty
(c:/Users/issac/AppData/Roaming/TinyTeX/texmf-dist/tex/latex/pgf/utilities/pgfk
eys.sty
(c:/Users/issac/AppData/Roaming/TinyTeX/texmf-dist/tex/generic/pgf/utilities/pg
fkeys.code.tex))
(c:/Users/issac/AppData/Roaming/TinyTeX/texmf-dist/tex/latex/pgf/math/pgfmath.s
ty
(c:/Users/issac/AppData/Roaming/TinyTeX/texmf-dist/tex/generic/pgf/math/pgfmath
.code.tex))
(c:/Users/issac/AppData/Roaming/TinyTeX/texmf-dist/tex/generic/pgf/utilities/pg
ffor.code.tex
Package: pgffor 2020/12/27 v3.1.8b (3.1.8b)

(c:/Users/issac/AppData/Roaming/TinyTeX/texmf-dist/tex/generic/pgf/math/pgfmath
.code.tex)
\pgffor@iter=\dimen320
\pgffor@skip=\dimen321
\pgffor@stack=\toks49
\pgffor@toks=\toks50
))
(c:/Users/issac/AppData/Roaming/TinyTeX/texmf-dist/tex/generic/pgf/frontendlaye
r/tikz/tikz.code.tex
Package: tikz 2020/12/27 v3.1.8b (3.1.8b)

(c:/Users/issac/AppData/Roaming/TinyTeX/texmf-dist/tex/generic/pgf/libraries/pg
flibraryplothandlers.code.tex
File: pgflibraryplothandlers.code.tex 2020/12/27 v3.1.8b (3.1.8b)
\pgf@plot@mark@count=\count389
\pgfplotmarksize=\dimen322
)
\tikz@lastx=\dimen323
\tikz@lasty=\dimen324
\tikz@lastxsaved=\dimen325
\tikz@lastysaved=\dimen326
\tikz@lastmovetox=\dimen327
\tikz@lastmovetoy=\dimen328
\tikzleveldistance=\dimen329
\tikzsiblingdistance=\dimen330
\tikz@figbox=\box122
\tikz@figbox@bg=\box123
\tikz@tempbox=\box124
\tikz@tempbox@bg=\box125
\tikztreelevel=\count390
\tikznumberofchildren=\count391
\tikznumberofcurrentchild=\count392
\tikz@fig@count=\count393

(c:/Users/issac/AppData/Roaming/TinyTeX/texmf-dist/tex/generic/pgf/modules/pgfm
odulematrix.code.tex
File: pgfmodulematrix.code.tex 2020/12/27 v3.1.8b (3.1.8b)
\pgfmatrixcurrentrow=\count394
\pgfmatrixcurrentcolumn=\count395
\pgf@matrix@numberofcolumns=\count396
)
\tikz@expandcount=\count397

(c:/Users/issac/AppData/Roaming/TinyTeX/texmf-dist/tex/generic/pgf/frontendlaye
r/tikz/libraries/tikzlibrarytopaths.code.tex
File: tikzlibrarytopaths.code.tex 2020/12/27 v3.1.8b (3.1.8b)
)))
\tcb@waterbox=\box126

(c:/Users/issac/AppData/Roaming/TinyTeX/texmf-dist/tex/latex/tcolorbox/tcbskins
jigsaw.code.tex
Library (tcolorbox): 'tcbskinsjigsaw.code.tex' version '4.42'
))
(c:/Users/issac/AppData/Roaming/TinyTeX/texmf-dist/tex/latex/tcolorbox/tcbbreak
able.code.tex
Library (tcolorbox): 'tcbbreakable.code.tex' version '4.42'

(c:/Users/issac/AppData/Roaming/TinyTeX/texmf-dist/tex/generic/oberdiek/pdfcol.
sty
Package: pdfcol 2019/12/29 v1.6 Handle new color stacks for pdfTeX (HO)
Package pdfcol Info: Interface disabled because of missing PDF mode of pdfTeX.
)
Package pdfcol Info: pdfTeX's color stacks are not available.
\tcb@testbox=\box127
\tcb@totalupperbox=\box128
\tcb@totallowerbox=\box129
)
(c:/Users/issac/AppData/Roaming/TinyTeX/texmf-dist/tex/latex/tcolorbox/tcbhooks
.code.tex
Library (tcolorbox): 'tcbhooks.code.tex' version '4.42'
)
(c:/Users/issac/AppData/Roaming/TinyTeX/texmf-dist/tex/latex/tcolorbox/tcbtheor
ems.code.tex
Library (tcolorbox): 'tcbtheorems.code.tex' version '4.42'
)
(c:/Users/issac/AppData/Roaming/TinyTeX/texmf-dist/tex/latex/tcolorbox/tcbfitti
ng.code.tex
Library (tcolorbox): 'tcbfitting.code.tex' version '4.42'
\tcbfitdim=\dimen331
\tcb@lowerfitdim=\dimen332
\tcb@upperfitdim=\dimen333
\tcb@cur@hbadness=\count398
)
(c:/Users/issac/AppData/Roaming/TinyTeX/texmf-dist/tex/latex/tcolorbox/tcbxpars
e.code.tex
Library (tcolorbox): 'tcbxparse.code.tex' version '4.42'
)
(c:/Users/issac/AppData/Roaming/TinyTeX/texmf-dist/tex/latex/tcolorbox/tcblisti
ngsutf8.code.tex
Library (tcolorbox): 'tcblistingsutf8.code.tex' version '4.42'

(c:/Users/issac/AppData/Roaming/TinyTeX/texmf-dist/tex/latex/tcolorbox/tcblisti
ngs.code.tex
Library (tcolorbox): 'tcblistings.code.tex' version '4.42'

(c:/Users/issac/AppData/Roaming/TinyTeX/texmf-dist/tex/latex/listings/listings.
sty
\lst@mode=\count399
\lst@gtempboxa=\box130
\lst@token=\toks51
\lst@length=\count400
\lst@currlwidth=\dimen334
\lst@column=\count401
\lst@pos=\count402
\lst@lostspace=\dimen335
\lst@width=\dimen336
\lst@newlines=\count403
\lst@lineno=\count404
\lst@maxwidth=\dimen337

(c:/Users/issac/AppData/Roaming/TinyTeX/texmf-dist/tex/latex/listings/lstmisc.s
ty
File: lstmisc.sty 2020/03/24 1.8d (Carsten Heinz)
\c@lstnumber=\count405
\lst@skipnumbers=\count406
\lst@framebox=\box131
)
(c:/Users/issac/AppData/Roaming/TinyTeX/texmf-dist/tex/latex/listings/listings.
cfg
File: listings.cfg 2020/03/24 1.8d listings configuration
))
Package: listings 2020/03/24 1.8d (Carsten Heinz)

(c:/Users/issac/AppData/Roaming/TinyTeX/texmf-dist/tex/latex/tcolorbox/tcblisti
ngscore.code.tex
Library (tcolorbox): 'tcblistingscore.code.tex' version '4.42'

(c:/Users/issac/AppData/Roaming/TinyTeX/texmf-dist/tex/latex/tcolorbox/tcbproce
ssing.code.tex
Library (tcolorbox): 'tcbprocessing.code.tex' version '4.42'

(c:/Users/issac/AppData/Roaming/TinyTeX/texmf-dist/tex/latex/tools/shellesc.sty
Package: shellesc 2019/11/08 v1.0c unified shell escape interface for LaTeX
Package shellesc Info: Restricted shell escape enabled on input line 77.
))
\c@tcblisting=\count407
))
Package tcolorbox Info: Library `listingsutf8' is compatible with pdftex only. 
Library `listings` is loaded instead. on input line 29.
)
(c:/Users/issac/AppData/Roaming/TinyTeX/texmf-dist/tex/latex/tcolorbox/tcbexter
nal.code.tex
Library (tcolorbox): 'tcbexternal.code.tex' version '4.42'
)
(c:/Users/issac/AppData/Roaming/TinyTeX/texmf-dist/tex/latex/tcolorbox/tcbmagaz
ine.code.tex
Library (tcolorbox): 'tcbmagazine.code.tex' version '4.42'
)
(c:/Users/issac/AppData/Roaming/TinyTeX/texmf-dist/tex/latex/tcolorbox/tcbvigne
tte.code.tex
Library (tcolorbox): 'tcbvignette.code.tex' version '4.42'

(c:/Users/issac/AppData/Roaming/TinyTeX/texmf-dist/tex/generic/pgf/frontendlaye
r/tikz/libraries/tikzlibraryfadings.code.tex
File: tikzlibraryfadings.code.tex 2020/12/27 v3.1.8b (3.1.8b)

(c:/Users/issac/AppData/Roaming/TinyTeX/texmf-dist/tex/generic/pgf/libraries/pg
flibraryfadings.code.tex
File: pgflibraryfadings.code.tex 2020/12/27 v3.1.8b (3.1.8b)
)))
(c:/Users/issac/AppData/Roaming/TinyTeX/texmf-dist/tex/latex/tcolorbox/tcbposte
r.code.tex
Library (tcolorbox): 'tcbposter.code.tex' version '4.42'
))
(c:/Users/issac/AppData/Roaming/TinyTeX/texmf-dist/tex/latex/fancyvrb/fancyvrb.
sty
Package: fancyvrb 2021/01/20 v3.7 verbatim text (tvz,hv)
\FV@CodeLineNo=\count408
\FV@InFile=\read5
\FV@TabBox=\box132
\c@FancyVerbLine=\count409
\FV@StepNumber=\count410
\FV@OutFile=\write7
) (c:/Users/issac/AppData/Roaming/TinyTeX/texmf-dist/tex/latex/framed/framed.st
y
Package: framed 2011/10/22 v 0.96: framed or shaded text with page breaks
\OuterFrameSep=\skip275
\fb@frw=\dimen338
\fb@frh=\dimen339
)

Package fontspec Info: Could not resolve font "NanumMyeongjo/I" (it probably
(fontspec)             doesn't exist).


Package fontspec Info: Font family 'NanumMyeongjo(0)' created for font
(fontspec)             'NanumMyeongjo' with options [Ligatures=TeX].
(fontspec)              
(fontspec)              This font family consists of the following NFSS
(fontspec)             series/shapes:
(fontspec)              
(fontspec)             - 'normal' (m/n) with NFSS spec.:
(fontspec)             <->"NanumMyeongjo/OT:language=dflt;mapping=tex-text;"
(fontspec)             - 'small caps'  (m/sc) with NFSS spec.: 
(fontspec)             - 'bold' (b/n) with NFSS spec.:
(fontspec)             <->"NanumMyeongjo/B/OT:language=dflt;mapping=tex-text;"
(fontspec)             - 'bold small caps'  (b/sc) with NFSS spec.: 
(fontspec)             - 'bold italic' (b/it) with NFSS spec.:
(fontspec)             <->"NanumMyeongjo/BI/OT:language=dflt;mapping=tex-text;"

(fontspec)             - 'bold italic small caps'  (b/scit) with NFSS spec.: 


******************************************************
Stock height and width: 534.9118pt by 731.23582pt
Top and edge trims: 0pt and 0pt
Page height and width: 534.9118pt by 731.23582pt
Text height and width: 478pt by 674pt
Spine and edge margins: 28.45274pt and 28.45274pt
Upper and lower margins: 28.45274pt and 28.45906pt
Headheight and headsep: 15.60748pt and 10pt
Footskip: 15.60748pt
Columnsep and columnseprule: 10pt and 0pt
Marginparsep and marginparwidth: 7pt and 14.45274pt
Sidecapsep and sidecapwidth: 7pt and 71pt
Sidebarhsep and sidebarwidth: 7pt and 71pt
Sidebarvsep and sidebartopsep: 12pt and 0pt
Sidebarheight: 548.39996pt
Sidefoothsep and sidefootwidth: 7pt and 71pt
Sidefootvsep and sidefootheight: 12pt and 548.39996pt
******************************************************

Package hyperref Info: Option `colorlinks' set `true' on input line 68.
(./cheat-sheet-example.aux)
\openout1 = `cheat-sheet-example.aux'.

LaTeX Font Info:    Checking defaults for OML/cmm/m/it on input line 84.
LaTeX Font Info:    ... okay on input line 84.
LaTeX Font Info:    Checking defaults for OMS/cmsy/m/n on input line 84.
LaTeX Font Info:    ... okay on input line 84.
LaTeX Font Info:    Checking defaults for OT1/cmr/m/n on input line 84.
LaTeX Font Info:    ... okay on input line 84.
LaTeX Font Info:    Checking defaults for T1/cmr/m/n on input line 84.
LaTeX Font Info:    ... okay on input line 84.
LaTeX Font Info:    Checking defaults for TS1/cmr/m/n on input line 84.
LaTeX Font Info:    Trying to load font information for TS1+cmr on input line 8
4.
(c:/Users/issac/AppData/Roaming/TinyTeX/texmf-dist/tex/latex/base/ts1cmr.fd
File: ts1cmr.fd 2019/12/16 v2.5j Standard LaTeX font definitions
)
LaTeX Font Info:    ... okay on input line 84.
LaTeX Font Info:    Checking defaults for TU/lmr/m/n on input line 84.
LaTeX Font Info:    ... okay on input line 84.
LaTeX Font Info:    Checking defaults for OMX/cmex/m/n on input line 84.
LaTeX Font Info:    ... okay on input line 84.
LaTeX Font Info:    Checking defaults for U/cmr/m/n on input line 84.
LaTeX Font Info:    ... okay on input line 84.
LaTeX Font Info:    Checking defaults for PD1/pdf/m/n on input line 84.
LaTeX Font Info:    ... okay on input line 84.
LaTeX Font Info:    Checking defaults for PU/pdf/m/n on input line 84.
LaTeX Font Info:    ... okay on input line 84.

Package fontspec Info: Adjusting the maths setup (use [no-math] to avoid
(fontspec)             this).

\symlegacymaths=\mathgroup6
LaTeX Font Info:    Overwriting symbol font `legacymaths' in version `bold'
(Font)                  OT1/cmr/m/n --> OT1/cmr/bx/n on input line 84.
LaTeX Font Info:    Redeclaring math accent \acute on input line 84.
LaTeX Font Info:    Redeclaring math accent \grave on input line 84.
LaTeX Font Info:    Redeclaring math accent \ddot on input line 84.
LaTeX Font Info:    Redeclaring math accent \tilde on input line 84.
LaTeX Font Info:    Redeclaring math accent \bar on input line 84.
LaTeX Font Info:    Redeclaring math accent \breve on input line 84.
LaTeX Font Info:    Redeclaring math accent \check on input line 84.
LaTeX Font Info:    Redeclaring math accent \hat on input line 84.
LaTeX Font Info:    Redeclaring math accent \dot on input line 84.
LaTeX Font Info:    Redeclaring math accent \mathring on input line 84.
LaTeX Font Info:    Redeclaring math symbol \Gamma on input line 84.
LaTeX Font Info:    Redeclaring math symbol \Delta on input line 84.
LaTeX Font Info:    Redeclaring math symbol \Theta on input line 84.
LaTeX Font Info:    Redeclaring math symbol \Lambda on input line 84.
LaTeX Font Info:    Redeclaring math symbol \Xi on input line 84.
LaTeX Font Info:    Redeclaring math symbol \Pi on input line 84.
LaTeX Font Info:    Redeclaring math symbol \Sigma on input line 84.
LaTeX Font Info:    Redeclaring math symbol \Upsilon on input line 84.
LaTeX Font Info:    Redeclaring math symbol \Phi on input line 84.
LaTeX Font Info:    Redeclaring math symbol \Psi on input line 84.
LaTeX Font Info:    Redeclaring math symbol \Omega on input line 84.
LaTeX Font Info:    Redeclaring math symbol \mathdollar on input line 84.
LaTeX Font Info:    Redeclaring symbol font `operators' on input line 84.
LaTeX Font Info:    Encoding `OT1' has changed to `TU' for symbol font
(Font)              `operators' in the math version `normal' on input line 84.
LaTeX Font Info:    Overwriting symbol font `operators' in version `normal'
(Font)                  OT1/cmr/m/n --> TU/NanumMyeongjo(0)/m/n on input line 8
4.
LaTeX Font Info:    Encoding `OT1' has changed to `TU' for symbol font
(Font)              `operators' in the math version `bold' on input line 84.
LaTeX Font Info:    Overwriting symbol font `operators' in version `bold'
(Font)                  OT1/cmr/bx/n --> TU/NanumMyeongjo(0)/m/n on input line 
84.
LaTeX Font Info:    Overwriting symbol font `operators' in version `normal'
(Font)                  TU/NanumMyeongjo(0)/m/n --> TU/NanumMyeongjo(0)/m/n on 
input line 84.
LaTeX Font Info:    Overwriting math alphabet `\mathit' in version `normal'
(Font)                  OT1/cmr/m/it --> TU/NanumMyeongjo(0)/m/it on input line
 84.
LaTeX Font Info:    Overwriting math alphabet `\mathbf' in version `normal'
(Font)                  OT1/cmr/bx/n --> TU/NanumMyeongjo(0)/b/n on input line 
84.
LaTeX Font Info:    Overwriting math alphabet `\mathsf' in version `normal'
(Font)                  OT1/cmss/m/n --> TU/lmss/m/n on input line 84.
LaTeX Font Info:    Overwriting math alphabet `\mathtt' in version `normal'
(Font)                  OT1/cmtt/m/n --> TU/lmtt/m/n on input line 84.
LaTeX Font Info:    Overwriting symbol font `operators' in version `bold'
(Font)                  TU/NanumMyeongjo(0)/m/n --> TU/NanumMyeongjo(0)/b/n on 
input line 84.
LaTeX Font Info:    Overwriting math alphabet `\mathit' in version `bold'
(Font)                  OT1/cmr/bx/it --> TU/NanumMyeongjo(0)/b/it on input lin
e 84.
LaTeX Font Info:    Overwriting math alphabet `\mathsf' in version `bold'
(Font)                  OT1/cmss/bx/n --> TU/lmss/b/n on input line 84.
LaTeX Font Info:    Overwriting math alphabet `\mathtt' in version `bold'
(Font)                  OT1/cmtt/m/n --> TU/lmtt/b/n on input line 84.
\symmathhangul=\mathgroup7
Package hyperref Info: Link coloring ON on input line 84.

(c:/Users/issac/AppData/Roaming/TinyTeX/texmf-dist/tex/latex/hyperref/nameref.s
ty
Package: nameref 2021-04-02 v2.47 Cross-referencing by name of section

(c:/Users/issac/AppData/Roaming/TinyTeX/texmf-dist/tex/latex/refcount/refcount.
sty
Package: refcount 2019/12/15 v3.6 Data extraction from label references (HO)
)
(c:/Users/issac/AppData/Roaming/TinyTeX/texmf-dist/tex/generic/gettitlestring/g
ettitlestring.sty
Package: gettitlestring 2019/12/15 v1.6 Cleanup title references (HO)
)
\c@section@level=\count411
)
Redoing nameref's sectioning
Redoing nameref's label
LaTeX Info: Redefining \nameref on input line 84.
LaTeX Info: Redefining \ref on input line 84.
LaTeX Info: Redefining \pageref on input line 84.
LaTeX Info: Redefining \nameref on input line 84.
(./cheat-sheet-example.out) (./cheat-sheet-example.out)
\@outlinefile=\write8
\openout8 = `cheat-sheet-example.out'.

\c@lstlisting=\count412
LaTeX Font Info:    Font shape `TU/lmtt/bx/n' in size <12> not available
(Font)              Font shape `TU/lmtt/b/n' tried instead on input line 103.
LaTeX Font Info:    Font shape `TU/lmtt/bx/n' in size <6> not available
(Font)              Font shape `TU/lmtt/b/n' tried instead on input line 127.
[1

] (./cheat-sheet-example.aux)
Package rerunfilecheck Info: File `cheat-sheet-example.out' has not changed.
(rerunfilecheck)             Checksum: A10FFE41B9A717ACC2CAC0726A9D6B04;179.
 ) 
Here is how much of TeX's memory you used:
 35933 strings out of 478931
 703866 string characters out of 5865405
 1125589 words of memory out of 5000000
 55205 multiletter control sequences out of 15000+600000
 403950 words of font info for 48 fonts, out of 8000000 for 9000
 14 hyphenation exceptions out of 8191
 156i,10n,158p,471b,2587s stack positions out of 5000i,500n,10000p,200000b,80000s

Output written on cheat-sheet-example.pdf (1 page).

! kpathsea:make_tex: Invalid filename `[UnDotum', contains '['
